<?xml version="1.0" encoding="UTF-8"?>
<!-- Generated by org.testng.reporters.JUnitReportReporter -->
<testsuite hostname="LINL190403110" failures="0" tests="1" name="Mavenproject.testcase1" time="0.011" errors="0" timestamp="25 Jun 2019 17:28:45 GMT" skipped="0">
  <testcase classname="Mavenproject.testcase1" name="Demo" time="0.011"/>
</testsuite> <!-- Mavenproject.testcase1 -->
